{"D:\\js-bootcamp\\projects\\js-passover\\logestCommonPrefix\\longestCommonPrefix.easy.js": {"path":"D:\\js-bootcamp\\projects\\js-passover\\logestCommonPrefix\\longestCommonPrefix.easy.js","statementMap":{"0":{"start":{"line":18,"column":40},"end":{"line":27,"column":1}},"1":{"start":{"line":19,"column":2},"end":{"line":19,"column":11}},"2":{"start":{"line":20,"column":2},"end":{"line":25,"column":3}},"3":{"start":{"line":20,"column":15},"end":{"line":20,"column":16}},"4":{"start":{"line":20,"column":22},"end":{"line":20,"column":23}},"5":{"start":{"line":21,"column":4},"end":{"line":23,"column":5}},"6":{"start":{"line":22,"column":6},"end":{"line":22,"column":17}},"7":{"start":{"line":24,"column":4},"end":{"line":24,"column":19}},"8":{"start":{"line":26,"column":2},"end":{"line":26,"column":13}},"9":{"start":{"line":28,"column":28},"end":{"line":36,"column":1}},"10":{"start":{"line":29,"column":2},"end":{"line":35,"column":35}},"11":{"start":{"line":30,"column":14},"end":{"line":30,"column":21}},"12":{"start":{"line":31,"column":4},"end":{"line":33,"column":5}},"13":{"start":{"line":31,"column":17},"end":{"line":31,"column":18}},"14":{"start":{"line":32,"column":6},"end":{"line":32,"column":58}},"15":{"start":{"line":34,"column":4},"end":{"line":34,"column":15}},"16":{"start":{"line":35,"column":9},"end":{"line":35,"column":35}},"17":{"start":{"line":37,"column":0},"end":{"line":37,"column":37}}},"fnMap":{"0":{"name":"(anonymous_0)","decl":{"start":{"line":18,"column":40},"end":{"line":18,"column":41}},"loc":{"start":{"line":18,"column":62},"end":{"line":27,"column":1}},"line":18},"1":{"name":"(anonymous_1)","decl":{"start":{"line":28,"column":28},"end":{"line":28,"column":29}},"loc":{"start":{"line":28,"column":44},"end":{"line":36,"column":1}},"line":28}},"branchMap":{"0":{"loc":{"start":{"line":21,"column":4},"end":{"line":23,"column":5}},"type":"if","locations":[{"start":{"line":21,"column":4},"end":{"line":23,"column":5}},{"start":{},"end":{}}],"line":21},"1":{"loc":{"start":{"line":29,"column":2},"end":{"line":35,"column":35}},"type":"if","locations":[{"start":{"line":29,"column":2},"end":{"line":35,"column":35}},{"start":{"line":35,"column":9},"end":{"line":35,"column":35}}],"line":29}},"s":{"0":1,"1":4,"2":4,"3":4,"4":4,"5":9,"6":3,"7":6,"8":1,"9":1,"10":2,"11":2,"12":2,"13":2,"14":4,"15":2,"16":0,"17":1},"f":{"0":4,"1":2},"b":{"0":[3,6],"1":[2,0]},"_coverageSchema":"1a1c01bbd47fc00a2c39e90264f33305004495a9","hash":"c0064d67e2a971bcb3d72b6742575825cff7e33e"}
,"D:\\js-bootcamp\\projects\\js-passover\\palindromeNumber\\palindromeNumber.easy.js": {"path":"D:\\js-bootcamp\\projects\\js-passover\\palindromeNumber\\palindromeNumber.easy.js","statementMap":{"0":{"start":{"line":29,"column":25},"end":{"line":35,"column":1}},"1":{"start":{"line":30,"column":12},"end":{"line":30,"column":34}},"2":{"start":{"line":31,"column":2},"end":{"line":33,"column":3}},"3":{"start":{"line":31,"column":15},"end":{"line":31,"column":16}},"4":{"start":{"line":31,"column":22},"end":{"line":31,"column":36}},"5":{"start":{"line":32,"column":4},"end":{"line":32,"column":40}},"6":{"start":{"line":32,"column":27},"end":{"line":32,"column":40}},"7":{"start":{"line":34,"column":2},"end":{"line":34,"column":14}},"8":{"start":{"line":36,"column":0},"end":{"line":36,"column":34}}},"fnMap":{"0":{"name":"(anonymous_0)","decl":{"start":{"line":29,"column":25},"end":{"line":29,"column":26}},"loc":{"start":{"line":29,"column":38},"end":{"line":35,"column":1}},"line":29}},"branchMap":{"0":{"loc":{"start":{"line":32,"column":4},"end":{"line":32,"column":40}},"type":"if","locations":[{"start":{"line":32,"column":4},"end":{"line":32,"column":40}},{"start":{},"end":{}}],"line":32}},"s":{"0":1,"1":2,"2":2,"3":2,"4":2,"5":3,"6":1,"7":1,"8":1},"f":{"0":2},"b":{"0":[1,2]},"_coverageSchema":"1a1c01bbd47fc00a2c39e90264f33305004495a9","hash":"a107cdf967202b23d4433af0330113c720a60032"}
,"D:\\js-bootcamp\\projects\\js-passover\\romanToInteger\\romanToInteger.easy.js": {"path":"D:\\js-bootcamp\\projects\\js-passover\\romanToInteger\\romanToInteger.easy.js","statementMap":{"0":{"start":{"line":43,"column":19},"end":{"line":78,"column":1}},"1":{"start":{"line":44,"column":19},"end":{"line":52,"column":3}},"2":{"start":{"line":53,"column":12},"end":{"line":53,"column":13}},"3":{"start":{"line":54,"column":2},"end":{"line":76,"column":3}},"4":{"start":{"line":54,"column":15},"end":{"line":54,"column":16}},"5":{"start":{"line":55,"column":4},"end":{"line":75,"column":5}},"6":{"start":{"line":56,"column":6},"end":{"line":56,"column":15}},"7":{"start":{"line":57,"column":6},"end":{"line":57,"column":10}},"8":{"start":{"line":58,"column":11},"end":{"line":75,"column":5}},"9":{"start":{"line":59,"column":6},"end":{"line":59,"column":15}},"10":{"start":{"line":60,"column":6},"end":{"line":60,"column":10}},"11":{"start":{"line":61,"column":11},"end":{"line":75,"column":5}},"12":{"start":{"line":62,"column":6},"end":{"line":62,"column":16}},"13":{"start":{"line":63,"column":6},"end":{"line":63,"column":10}},"14":{"start":{"line":64,"column":11},"end":{"line":75,"column":5}},"15":{"start":{"line":65,"column":6},"end":{"line":65,"column":16}},"16":{"start":{"line":66,"column":6},"end":{"line":66,"column":10}},"17":{"start":{"line":67,"column":11},"end":{"line":75,"column":5}},"18":{"start":{"line":68,"column":6},"end":{"line":68,"column":17}},"19":{"start":{"line":69,"column":6},"end":{"line":69,"column":10}},"20":{"start":{"line":70,"column":11},"end":{"line":75,"column":5}},"21":{"start":{"line":71,"column":6},"end":{"line":71,"column":17}},"22":{"start":{"line":72,"column":6},"end":{"line":72,"column":10}},"23":{"start":{"line":74,"column":6},"end":{"line":74,"column":28}},"24":{"start":{"line":77,"column":2},"end":{"line":77,"column":13}},"25":{"start":{"line":79,"column":0},"end":{"line":79,"column":28}}},"fnMap":{"0":{"name":"(anonymous_0)","decl":{"start":{"line":43,"column":19},"end":{"line":43,"column":20}},"loc":{"start":{"line":43,"column":32},"end":{"line":78,"column":1}},"line":43}},"branchMap":{"0":{"loc":{"start":{"line":55,"column":4},"end":{"line":75,"column":5}},"type":"if","locations":[{"start":{"line":55,"column":4},"end":{"line":75,"column":5}},{"start":{"line":58,"column":11},"end":{"line":75,"column":5}}],"line":55},"1":{"loc":{"start":{"line":55,"column":8},"end":{"line":55,"column":40}},"type":"binary-expr","locations":[{"start":{"line":55,"column":8},"end":{"line":55,"column":20}},{"start":{"line":55,"column":24},"end":{"line":55,"column":40}}],"line":55},"2":{"loc":{"start":{"line":58,"column":11},"end":{"line":75,"column":5}},"type":"if","locations":[{"start":{"line":58,"column":11},"end":{"line":75,"column":5}},{"start":{"line":61,"column":11},"end":{"line":75,"column":5}}],"line":58},"3":{"loc":{"start":{"line":58,"column":15},"end":{"line":58,"column":47}},"type":"binary-expr","locations":[{"start":{"line":58,"column":15},"end":{"line":58,"column":27}},{"start":{"line":58,"column":31},"end":{"line":58,"column":47}}],"line":58},"4":{"loc":{"start":{"line":61,"column":11},"end":{"line":75,"column":5}},"type":"if","locations":[{"start":{"line":61,"column":11},"end":{"line":75,"column":5}},{"start":{"line":64,"column":11},"end":{"line":75,"column":5}}],"line":61},"5":{"loc":{"start":{"line":61,"column":15},"end":{"line":61,"column":47}},"type":"binary-expr","locations":[{"start":{"line":61,"column":15},"end":{"line":61,"column":27}},{"start":{"line":61,"column":31},"end":{"line":61,"column":47}}],"line":61},"6":{"loc":{"start":{"line":64,"column":11},"end":{"line":75,"column":5}},"type":"if","locations":[{"start":{"line":64,"column":11},"end":{"line":75,"column":5}},{"start":{"line":67,"column":11},"end":{"line":75,"column":5}}],"line":64},"7":{"loc":{"start":{"line":64,"column":15},"end":{"line":64,"column":47}},"type":"binary-expr","locations":[{"start":{"line":64,"column":15},"end":{"line":64,"column":27}},{"start":{"line":64,"column":31},"end":{"line":64,"column":47}}],"line":64},"8":{"loc":{"start":{"line":67,"column":11},"end":{"line":75,"column":5}},"type":"if","locations":[{"start":{"line":67,"column":11},"end":{"line":75,"column":5}},{"start":{"line":70,"column":11},"end":{"line":75,"column":5}}],"line":67},"9":{"loc":{"start":{"line":67,"column":15},"end":{"line":67,"column":47}},"type":"binary-expr","locations":[{"start":{"line":67,"column":15},"end":{"line":67,"column":27}},{"start":{"line":67,"column":31},"end":{"line":67,"column":47}}],"line":67},"10":{"loc":{"start":{"line":70,"column":11},"end":{"line":75,"column":5}},"type":"if","locations":[{"start":{"line":70,"column":11},"end":{"line":75,"column":5}},{"start":{"line":73,"column":11},"end":{"line":75,"column":5}}],"line":70},"11":{"loc":{"start":{"line":70,"column":15},"end":{"line":70,"column":47}},"type":"binary-expr","locations":[{"start":{"line":70,"column":15},"end":{"line":70,"column":27}},{"start":{"line":70,"column":31},"end":{"line":70,"column":47}}],"line":70}},"s":{"0":1,"1":4,"2":4,"3":4,"4":4,"5":9,"6":1,"7":1,"8":8,"9":1,"10":1,"11":7,"12":0,"13":0,"14":7,"15":0,"16":0,"17":7,"18":0,"19":0,"20":7,"21":0,"22":0,"23":7,"24":4,"25":1},"f":{"0":4},"b":{"0":[1,8],"1":[9,7],"2":[1,7],"3":[8,6],"4":[0,7],"5":[7,2],"6":[0,7],"7":[7,2],"8":[0,7],"9":[7,0],"10":[0,7],"11":[7,0]},"_coverageSchema":"1a1c01bbd47fc00a2c39e90264f33305004495a9","hash":"fa96a7332298692fa31383242dfc9b4630c74646"}
}
