TN:
SF:logestCommonPrefix\longestCommonPrefix.easy.js
FN:18,(anonymous_0)
FN:28,(anonymous_1)
FNF:2
FNH:2
FNDA:4,(anonymous_0)
FNDA:2,(anonymous_1)
DA:18,1
DA:19,4
DA:20,4
DA:21,9
DA:22,3
DA:24,6
DA:26,1
DA:28,1
DA:29,2
DA:30,2
DA:31,2
DA:32,4
DA:34,2
DA:35,0
DA:37,1
LF:15
LH:14
BRDA:21,0,0,3
BRDA:21,0,1,6
BRDA:29,1,0,2
BRDA:29,1,1,0
BRF:4
BRH:3
end_of_record
TN:
SF:palindromeNumber\palindromeNumber.easy.js
FN:29,(anonymous_0)
FNF:1
FNH:1
FNDA:2,(anonymous_0)
DA:29,1
DA:30,2
DA:31,2
DA:32,3
DA:34,1
DA:36,1
LF:6
LH:6
BRDA:32,0,0,1
BRDA:32,0,1,2
BRF:2
BRH:2
end_of_record
TN:
SF:romanToInteger\romanToInteger.easy.js
FN:43,(anonymous_0)
FNF:1
FNH:1
FNDA:4,(anonymous_0)
DA:43,1
DA:44,4
DA:53,4
DA:54,4
DA:55,9
DA:56,1
DA:57,1
DA:58,8
DA:59,1
DA:60,1
DA:61,7
DA:62,0
DA:63,0
DA:64,7
DA:65,0
DA:66,0
DA:67,7
DA:68,0
DA:69,0
DA:70,7
DA:71,0
DA:72,0
DA:74,7
DA:77,4
DA:79,1
LF:25
LH:17
BRDA:55,0,0,1
BRDA:55,0,1,8
BRDA:55,1,0,9
BRDA:55,1,1,7
BRDA:58,2,0,1
BRDA:58,2,1,7
BRDA:58,3,0,8
BRDA:58,3,1,6
BRDA:61,4,0,0
BRDA:61,4,1,7
BRDA:61,5,0,7
BRDA:61,5,1,2
BRDA:64,6,0,0
BRDA:64,6,1,7
BRDA:64,7,0,7
BRDA:64,7,1,2
BRDA:67,8,0,0
BRDA:67,8,1,7
BRDA:67,9,0,7
BRDA:67,9,1,0
BRDA:70,10,0,0
BRDA:70,10,1,7
BRDA:70,11,0,7
BRDA:70,11,1,0
BRF:24
BRH:18
end_of_record
